Arguments: 
  /usr/local/bin/node /opt/homebrew/Cellar/yarn/1.22.19/libexec/bin/yarn.js install

PATH: 
  /opt/homebrew/bin:/opt/homebrew/sbin:/Library/Frameworks/Python.framework/Versions/3.10/bin:/opt/homebrew/bin:/opt/homebrew/sbin:/usr/local/bin:/System/Cryptexes/App/usr/bin:/usr/bin:/bin:/usr/sbin:/sbin:/usr/local/go/bin:/usr/local/share/dotnet:~/.dotnet/tools:/Library/Apple/usr/bin:/Library/Frameworks/Mono.framework/Versions/Current/Commands:/opt/homebrew/bin:/opt/homebrew/sbin:/Library/Frameworks/Python.framework/Versions/3.10/bin

Yarn version: 
  1.22.19

Node version: 
  16.15.0

Platform: 
  darwin arm64

Trace: 
  SyntaxError: /Users/andrewdunne/repos/omega/package.json: Unexpected token } in JSON at position 804
      at JSON.parse (<anonymous>)
      at /opt/homebrew/Cellar/yarn/1.22.19/libexec/lib/cli.js:1629:59
      at Generator.next (<anonymous>)
      at step (/opt/homebrew/Cellar/yarn/1.22.19/libexec/lib/cli.js:310:30)
      at /opt/homebrew/Cellar/yarn/1.22.19/libexec/lib/cli.js:321:13

npm manifest: 
  {
    "name": "konstellation",
    "version": "1.0.0",
    "description": "## readme in construction",
    "main": "electron/electron.js",
    "scripts": {
      "test": "jest",
      "build": "webpack",
      "lint": "eslint . --ext .ts",
      "server": "cross-env NODE_ENV=development nodemon server/server.ts",
      "client": "npx webpack serve --mode development --progress --hot --color --stats-error-details --stats-children"
    },
    "keywords": [],
    "author": "",
    "license": "ISC",
    "dependencies": {
      "axios": "^0.27.2",
      "babel-loader": "^9.1.0",
      "eslint-config-prettier": "^8.5.0",
      "react": "^18.2.0",
      "react-dom": "^18.2.0",
      "react-redux": "^8.0.4",
      "react-router-dom": "^6.4.1",
      "redux": "^4.2.0",
      "sass": "^1.56.0",
      "ts-node": "^10.9.1",
      "typescript": "^4.8.3",
    },
    "devDependencies": {
      "@babel/preset-env": "^7.19.3",
      "@babel/preset-typescript": "^7.18.6",
      "@reduxjs/toolkit": "^1.8.6",
      "@testing-library/react": "^13.4.0",
      "@testing-library/user-event": "^14.4.3",
      "@types/react": "^18.0.25",
      "@types/react-dom": "^18.0.6",
      "@types/webpack": "^5.28.0",
      "@types/webpack-env": "^1.18.0",
      "@typescript-eslint/eslint-plugin": "^5.43.0",
      "@typescript-eslint/parser": "^5.43.0",
      "css-loader": "^6.7.1",
      "eslint": "^8.26.0",
      "eslint-plugin-react": "^7.31.11",
      "file-loader": "^6.2.0",
      "html-webpack-plugin": "^5.5.0",
      "img-loader": "^4.0.0",
      "postcss-loader": "^7.0.1",
      "prettier": "2.7.1",
      "sass-loader": "^13.1.0",
      "ts-jest": "^29.0.3",
      "ts-loader": "^9.4.1",
      "webpack": "^5.74.0",
      "webpack-cli": "^4.10.0",
      "webpack-dev-server": "^4.11.1"
    }
  }

yarn manifest: 
  No manifest

Lockfile: 
  No lockfile
